10-14-2015 19:16:49 | User: test Result: Success

10-14-2015 21:44:24 | User: test Result: Login Failed

10-14-2015 21:45:26 | User: emz5051 Result: Login Failed

10-14-2015 21:45:55 | User: emz5051 Result: Login Successful

10-15-2015 05:50:09 | User: emz5051 Result: Login Successful

10-15-2015 05:55:29 | User: test Result: Login Successful

10-15-2015 05:55:38 | User: test1 Result: Login Successful

10-15-2015 05:55:58 | User: test Result: Login Successful

10-15-2015 05:56:21 | User: test Result: Login Successful

10-15-2015 06:00:30 | User: test Result: Login Failed

10-15-2015 06:00:50 | User: test Result: Login Failed

10-15-2015 06:02:21 | User: test Result: Login Successful

10-15-2015 06:04:24 | User: test Result: Login Successful

10-15-2015 06:04:55 | User: test Result: Login Successful

10-15-2015 06:06:45 | User: test Result: Login Failed

10-15-2015 06:07:24 | User: test1 Result: Login Failed

10-15-2015 06:07:43 | User: test Result: Login Successful

10-15-2015 06:08:10 | User: test Result: Login Successful

10-15-2015 06:17:27 | User: test Result: Login Failed

10-20-2015 11:01:14 | User: test Result: Login Successful

10-20-2015 11:01:21 | User: test1 Result: Login Failed

10-20-2015 12:02:12 | User: test Result: Login Successful

10-25-2015 20:38:47 | User: test Result: Login Successful

11-03-2015 00:48:53 | User: test Result: Login Successful

11-03-2015 00:59:37 | User: test Result: Login Failed

